  main.cpp
E:\Projects\OlympiFit Challenge\OlympiFit Challenge\olympicplayer.h(95,18): warning C4244: '=': conversion from 'int' to 'float', possible loss of data
E:\Projects\OlympiFit Challenge\OlympiFit Challenge\aeroassault.h(22,19): warning C4305: 'argument': truncation from 'double' to 'float'
E:\Projects\OlympiFit Challenge\OlympiFit Challenge\aeroassault.h(35,30): warning C4244: 'argument': conversion from 'int' to 'float', possible loss of data
E:\Projects\OlympiFit Challenge\OlympiFit Challenge\aeroassault.h(35,23): warning C4244: 'argument': conversion from 'int' to 'float', possible loss of data
E:\Projects\OlympiFit Challenge\OlympiFit Challenge\aeroassault.h(55,25): warning C4244: 'argument': conversion from 'double' to 'float', possible loss of data
E:\Projects\OlympiFit Challenge\OlympiFit Challenge\aeroassault.h(55,22): warning C4244: 'argument': conversion from 'double' to 'float', possible loss of data
E:\Projects\OlympiFit Challenge\OlympiFit Challenge\aeroassault.h(57,11): warning C4244: '=': conversion from 'double' to 'int', possible loss of data
E:\Projects\OlympiFit Challenge\OlympiFit Challenge\aeroassault.h(58,11): warning C4244: '=': conversion from 'double' to 'int', possible loss of data
E:\Projects\OlympiFit Challenge\OlympiFit Challenge\aeroassault.h(66,30): warning C4244: 'argument': conversion from 'int' to 'float', possible loss of data
E:\Projects\OlympiFit Challenge\OlympiFit Challenge\aeroassault.h(66,23): warning C4244: 'argument': conversion from 'int' to 'float', possible loss of data
E:\Projects\OlympiFit Challenge\OlympiFit Challenge\aeroassault.h(68,30): warning C4244: 'argument': conversion from 'int' to 'float', possible loss of data
E:\Projects\OlympiFit Challenge\OlympiFit Challenge\aeroassault.h(68,23): warning C4244: 'argument': conversion from 'int' to 'float', possible loss of data
E:\Projects\OlympiFit Challenge\OlympiFit Challenge\aeroassault.h(71,30): warning C4244: 'argument': conversion from 'int' to 'float', possible loss of data
E:\Projects\OlympiFit Challenge\OlympiFit Challenge\aeroassault.h(71,23): warning C4244: 'argument': conversion from 'int' to 'float', possible loss of data
E:\Projects\OlympiFit Challenge\OlympiFit Challenge\aeroassault.h(73,30): warning C4244: 'argument': conversion from 'int' to 'float', possible loss of data
E:\Projects\OlympiFit Challenge\OlympiFit Challenge\aeroassault.h(73,23): warning C4244: 'argument': conversion from 'int' to 'float', possible loss of data
E:\Projects\OlympiFit Challenge\OlympiFit Challenge\aeroassault.h(85,16): warning C4305: 'initializing': truncation from 'double' to 'float'
E:\Projects\OlympiFit Challenge\OlympiFit Challenge\aeroassault.h(92,25): warning C4244: 'argument': conversion from 'double' to 'float', possible loss of data
E:\Projects\OlympiFit Challenge\OlympiFit Challenge\aeroassault.h(92,22): warning C4244: 'argument': conversion from 'double' to 'float', possible loss of data
E:\Projects\OlympiFit Challenge\OlympiFit Challenge\aeroassault.h(266,70): warning C4244: 'argument': conversion from 'T' to 'int', possible loss of data
          with
          [
              T=float
          ]
E:\Projects\OlympiFit Challenge\OlympiFit Challenge\aeroassault.h(266,38): warning C4244: 'argument': conversion from 'T' to 'int', possible loss of data
          with
          [
              T=float
          ]
E:\Projects\OlympiFit Challenge\OlympiFit Challenge\obstacle.h(43,20): warning C4244: '*=': conversion from 'double' to 'float', possible loss of data
E:\Projects\OlympiFit Challenge\OlympiFit Challenge\obstacle.h(44,20): warning C4244: '*=': conversion from 'double' to 'float', possible loss of data
E:\Projects\OlympiFit Challenge\OlympiFit Challenge\obstacle.h(68,25): warning C4244: 'argument': conversion from 'double' to 'float', possible loss of data
E:\Projects\OlympiFit Challenge\OlympiFit Challenge\obstacle.h(68,22): warning C4244: 'argument': conversion from 'double' to 'float', possible loss of data
E:\Projects\OlympiFit Challenge\OlympiFit Challenge\obstacle.h(69,22): warning C4244: 'argument': conversion from 'double' to 'float', possible loss of data
E:\Projects\OlympiFit Challenge\OlympiFit Challenge\obstacle.h(69,19): warning C4244: 'argument': conversion from 'double' to 'float', possible loss of data
E:\Projects\OlympiFit Challenge\OlympiFit Challenge\obstacle.h(77,24): warning C4244: 'argument': conversion from 'double' to 'float', possible loss of data
E:\Projects\OlympiFit Challenge\OlympiFit Challenge\obstacle.h(77,15): warning C4244: 'argument': conversion from 'double' to 'float', possible loss of data
E:\Projects\OlympiFit Challenge\OlympiFit Challenge\obstacle.h(144,59): warning C4244: 'argument': conversion from 'int' to 'float', possible loss of data
E:\Projects\OlympiFit Challenge\OlympiFit Challenge\obstacle.h(144,52): warning C4244: 'argument': conversion from 'int' to 'float', possible loss of data
E:\Projects\OlympiFit Challenge\OlympiFit Challenge\obstacle.h(152,59): warning C4244: 'argument': conversion from 'int' to 'float', possible loss of data
E:\Projects\OlympiFit Challenge\OlympiFit Challenge\obstacle.h(152,52): warning C4244: 'argument': conversion from 'int' to 'float', possible loss of data
E:\Projects\OlympiFit Challenge\OlympiFit Challenge\obstacle.h(160,59): warning C4244: 'argument': conversion from 'int' to 'float', possible loss of data
E:\Projects\OlympiFit Challenge\OlympiFit Challenge\obstacle.h(160,52): warning C4244: 'argument': conversion from 'int' to 'float', possible loss of data
E:\Projects\OlympiFit Challenge\OlympiFit Challenge\obstacle.h(168,59): warning C4244: 'argument': conversion from 'int' to 'float', possible loss of data
E:\Projects\OlympiFit Challenge\OlympiFit Challenge\obstacle.h(168,52): warning C4244: 'argument': conversion from 'int' to 'float', possible loss of data
E:\Projects\OlympiFit Challenge\OlympiFit Challenge\obstacle.h(209,19): warning C4244: 'initializing': conversion from 'double' to 'int', possible loss of data
E:\Projects\OlympiFit Challenge\OlympiFit Challenge\trackrace.h(21,33): warning C4244: 'argument': conversion from 'double' to 'float', possible loss of data
E:\Projects\OlympiFit Challenge\OlympiFit Challenge\trackrace.h(21,30): warning C4244: 'argument': conversion from 'double' to 'float', possible loss of data
E:\Projects\OlympiFit Challenge\OlympiFit Challenge\trackrace.h(23,11): warning C4244: '=': conversion from 'double' to 'float', possible loss of data
  Generating code
  2 of 571 functions ( 0.4%) were compiled, the rest were copied from previous compilation.
    0 functions were new in current compilation
    14 functions had inline decision re-evaluated but remain unchanged
  Finished generating code
  OlympiFit Challenge.vcxproj -> E:\Projects\OlympiFit Challenge\x64\Release\OlympiFit Challenge.exe
